Сборка начата 16.03.2014 22:07:12.
     1>Проект "D:\Инфа практика\C-sharp practice\MathExpressionCalculator\MathExpressionCalculator\MathExpressionCalculator.vcxproj" в узле 2 (целевые объекты Build).
     1>InitializeBuildStatus:
         Создание "Debug\MathExpressionCalculator.unsuccessfulbuild", так как было задано "AlwaysCreate".
       ClCompile:
         Для всех выходных данных обновления не требуется.
         C:\Program Files (x86)\Microsoft Visual Studio 11.0\VC\bin\CL.exe /c /ZI /nologo /W3 /WX- /sdl /Od /Oy- /D WIN32 /D _DEBUG /D _CONSOLE /D _UNICODE /D UNICODE /Gm /EHsc /RTC1 /MDd /GS /fp:precise /Zc:wchar_t /Zc:forScope /Yu"stdafx.h" /Fp"Debug\MathExpressionCalculator.pch" /Fo"Debug\\" /Fd"Debug\vc110.pdb" /Gd /TP /analyze- /errorReport:prompt Expression.cpp
         Expression.cpp
       Link:
         C:\Program Files (x86)\Microsoft Visual Studio 11.0\VC\bin\link.exe /ERRORREPORT:PROMPT /OUT:"D:\Инфа практика\C-sharp practice\MathExpressionCalculator\Debug\MathExpressionCalculator.exe" /INCREMENTAL /NOLOGO kernel32.lib user32.lib gdi32.lib winspool.lib comdlg32.lib advapi32.lib shell32.lib ole32.lib oleaut32.lib uuid.lib odbc32.lib odbccp32.lib /MANIFEST /MANIFESTUAC:"level='asInvoker' uiAccess='false'" /manifest:embed /DEBUG /PDB:"D:\Инфа практика\C-sharp practice\MathExpressionCalculator\Debug\MathExpressionCalculator.pdb" /SUBSYSTEM:CONSOLE /TLBID:1 /DYNAMICBASE /NXCOMPAT /IMPLIB:"D:\Инфа практика\C-sharp practice\MathExpressionCalculator\Debug\MathExpressionCalculator.lib" /MACHINE:X86 Debug\Expression.obj
         Debug\MathExpressionCalculator.obj
         Debug\OperandsStack.obj
         Debug\OperatorsStack.obj
         Debug\stdafx.obj
         MathExpressionCalculator.vcxproj -> D:\Инфа практика\C-sharp practice\MathExpressionCalculator\Debug\MathExpressionCalculator.exe
       FinalizeBuildStatus:
         Файл "Debug\MathExpressionCalculator.unsuccessfulbuild" удаляется.
         Обращение к "Debug\MathExpressionCalculator.lastbuildstate".
     1>Построение проекта "D:\Инфа практика\C-sharp practice\MathExpressionCalculator\MathExpressionCalculator\MathExpressionCalculator.vcxproj" завершено (целевые объекты Build).

Сборка успешно завершена.

Затраченное время: 00:00:04.70
