Сборка начата 13.03.2014 9:35:47.
     1>Проект "D:\Инфа практика\Cpp practice\QueueStack\QueueStack\QueueStack.vcxproj" в узле 2 (целевые объекты Build).
     1>InitializeBuildStatus:
         Создание "Debug\QueueStack.unsuccessfulbuild", так как было задано "AlwaysCreate".
       ClCompile:
         Для всех выходных данных обновления не требуется.
         C:\Program Files (x86)\Microsoft Visual Studio 11.0\VC\bin\CL.exe /c /ZI /nologo /W3 /WX- /sdl /Od /Oy- /D WIN32 /D _DEBUG /D _CONSOLE /D _UNICODE /D UNICODE /Gm /EHsc /RTC1 /MDd /GS /fp:precise /Zc:wchar_t /Zc:forScope /Yu"stdafx.h" /Fp"Debug\QueueStack.pch" /Fo"Debug\\" /Fd"Debug\vc110.pdb" /Gd /TP /analyze- /errorReport:prompt QueueStack.cpp
         QueueStack.cpp
       Link:
         C:\Program Files (x86)\Microsoft Visual Studio 11.0\VC\bin\link.exe /ERRORREPORT:PROMPT /OUT:"D:\Инфа практика\Cpp practice\QueueStack\Debug\QueueStack.exe" /INCREMENTAL /NOLOGO kernel32.lib user32.lib gdi32.lib winspool.lib comdlg32.lib advapi32.lib shell32.lib ole32.lib oleaut32.lib uuid.lib odbc32.lib odbccp32.lib /MANIFEST /MANIFESTUAC:"level='asInvoker' uiAccess='false'" /manifest:embed /DEBUG /PDB:"D:\Инфа практика\Cpp practice\QueueStack\Debug\QueueStack.pdb" /SUBSYSTEM:CONSOLE /TLBID:1 /DYNAMICBASE /NXCOMPAT /IMPLIB:"D:\Инфа практика\Cpp practice\QueueStack\Debug\QueueStack.lib" /MACHINE:X86 Debug\LinkedList.obj
         Debug\Queue.obj
         Debug\QueueStack.obj
         Debug\Refer.obj
         Debug\Stack.obj
         Debug\stdafx.obj
         QueueStack.vcxproj -> D:\Инфа практика\Cpp practice\QueueStack\Debug\QueueStack.exe
       FinalizeBuildStatus:
         Файл "Debug\QueueStack.unsuccessfulbuild" удаляется.
         Обращение к "Debug\QueueStack.lastbuildstate".
     1>Построение проекта "D:\Инфа практика\Cpp practice\QueueStack\QueueStack\QueueStack.vcxproj" завершено (целевые объекты Build).

Сборка успешно завершена.

Затраченное время: 00:00:03.95
