D:\Инфа практика\CPP PRACTICE\SEARCHBOOK\SEARCHBOOK\DEBUG\SEARCHBOOK.PCH
D:\Инфа практика\CPP PRACTICE\SEARCHBOOK\SEARCHBOOK\DEBUG\STDAFX.OBJ
D:\ИНФА ПРАКТИКА\CPP PRACTICE\SEARCHBOOK\SEARCHBOOK\DEBUG\VC110.PDB
D:\Инфа практика\CPP PRACTICE\SEARCHBOOK\SEARCHBOOK\DEBUG\BOOK.OBJ
D:\Инфа практика\CPP PRACTICE\SEARCHBOOK\SEARCHBOOK\DEBUG\SEARCHBOOK.OBJ
D:\Инфа практика\CPP PRACTICE\SEARCHBOOK\DEBUG\SEARCHBOOK.ILK
D:\Инфа практика\CPP PRACTICE\SEARCHBOOK\DEBUG\SEARCHBOOK.EXE
D:\ИНФА ПРАКТИКА\CPP PRACTICE\SEARCHBOOK\DEBUG\SEARCHBOOK.PDB
D:\Инфа практика\Cpp practice\SearchBook\SearchBook\Debug\Book.obj
D:\Инфа практика\Cpp practice\SearchBook\SearchBook\Debug\SearchBook.obj
D:\Инфа практика\Cpp practice\SearchBook\SearchBook\Debug\stdafx.obj
D:\Инфа практика\Cpp practice\SearchBook\SearchBook\Debug\cl.command.1.tlog
D:\Инфа практика\Cpp practice\SearchBook\SearchBook\Debug\CL.read.1.tlog
D:\Инфа практика\Cpp practice\SearchBook\SearchBook\Debug\CL.write.1.tlog
D:\Инфа практика\Cpp practice\SearchBook\SearchBook\Debug\link-cvtres.read.1.tlog
D:\Инфа практика\Cpp practice\SearchBook\SearchBook\Debug\link-cvtres.write.1.tlog
D:\Инфа практика\Cpp practice\SearchBook\SearchBook\Debug\link-rc.read.1.tlog
D:\Инфа практика\Cpp practice\SearchBook\SearchBook\Debug\link-rc.write.1.tlog
D:\Инфа практика\Cpp practice\SearchBook\SearchBook\Debug\link.command.1.tlog
D:\Инфа практика\Cpp practice\SearchBook\SearchBook\Debug\link.read.1.tlog
D:\Инфа практика\Cpp practice\SearchBook\SearchBook\Debug\link.write.1.tlog
D:\Инфа практика\Cpp practice\SearchBook\SearchBook\Debug\SearchBook.pch
D:\Инфа практика\Cpp practice\SearchBook\SearchBook\Debug\vc110.idb
D:\Инфа практика\Cpp practice\SearchBook\SearchBook\Debug\vc110.pdb
D:\Инфа практика\Cpp practice\SearchBook\Debug\SearchBook.pdb
D:\Инфа практика\Cpp practice\SearchBook\Debug\SearchBook.exe
D:\Инфа практика\Cpp practice\SearchBook\Debug\SearchBook.ilk
